app/(portal)/freelancer/dashboard/components/KeyMetricsGrid/KeyMetricsGrid.tsx(41,54): error TS2322: Type '{ key: number; title: string; value: string; loading: boolean; }' is not assignable to type 'IntrinsicAttributes & DashboardWidgetProps'.
  Property 'loading' does not exist on type 'IntrinsicAttributes & DashboardWidgetProps'.
app/components/Admin/AuditLog/AuditLog.tsx(194,19): error TS2322: Type '"outline"' is not assignable to type '"link" | "success" | "warning" | "danger" | "primary" | "secondary" | "ghost" | "social" | undefined'.
app/components/Admin/AuditLog/AuditLog.tsx(197,19): error TS2322: Type '"outline"' is not assignable to type '"link" | "success" | "warning" | "danger" | "primary" | "secondary" | "ghost" | "social" | undefined'.
app/components/AI/FreelancerRankVisualizer/FreelancerRankVisualizer.tsx(83,7): error TS2322: Type '{ children: Element; title: string; icon: ForwardRefExoticComponent<Omit<LucideProps, "ref"> & RefAttributes<SVGSVGElement>>; className: string; iconColor: string; style: CSSProperties; }' is not assignable to type 'IntrinsicAttributes & DashboardWidgetProps'.
  Property 'iconColor' does not exist on type 'IntrinsicAttributes & DashboardWidgetProps'.
app/components/Footer/Footer.tsx(10,18): error TS2307: Cannot find module '@/app/components/Logo/Logo' or its corresponding type declarations.
app/freelancer/contracts/page.tsx(275,19): error TS2322: Type '"primary" | "outline"' is not assignable to type '"link" | "success" | "warning" | "danger" | "primary" | "secondary" | "ghost" | "social" | undefined'.
  Type '"outline"' is not assignable to type '"link" | "success" | "warning" | "danger" | "primary" | "secondary" | "ghost" | "social" | undefined'.
app/freelancer/contracts/page.tsx(283,36): error TS2322: Type '"outline"' is not assignable to type '"link" | "success" | "warning" | "danger" | "primary" | "secondary" | "ghost" | "social" | undefined'.
app/freelancer/contracts/page.tsx(444,48): error TS2322: Type '"outline"' is not assignable to type '"link" | "success" | "warning" | "danger" | "primary" | "secondary" | "ghost" | "social" | undefined'.
app/freelancer/contracts/page.tsx(475,21): error TS2322: Type '"outline"' is not assignable to type '"link" | "success" | "warning" | "danger" | "primary" | "secondary" | "ghost" | "social" | undefined'.
app/freelancer/dashboard/Dashboard.tsx(24,6): error TS2740: Type '{ key: any; title: any; clientName: any; budget: any; postedTime: any; tags: any; }' is missing the following properties from type 'ProjectCardProps': id, status, progress, paid, and 2 more.
app/freelancer/dashboard/Dashboard.tsx(52,23): error TS2322: Type 'FreelancerAnalytics | null' is not assignable to type '{ activeProjects?: number | undefined; pendingProposals?: number | undefined; walletBalance?: string | undefined; rank?: "Bronze" | "Silver" | "Gold" | "Platinum" | "Diamond" | "N/A" | undefined; } | null'.
  Type 'FreelancerAnalytics' is not assignable to type '{ activeProjects?: number | undefined; pendingProposals?: number | undefined; walletBalance?: string | undefined; rank?: "Bronze" | "Silver" | "Gold" | "Platinum" | "Diamond" | "N/A" | undefined; }'.
    Types of property 'rank' are incompatible.
      Type 'string' is not assignable to type '"Bronze" | "Silver" | "Gold" | "Platinum" | "Diamond" | "N/A" | undefined'.
app/freelancer/my-jobs/components/PaginatedJobGrid/PaginatedJobGrid.tsx(112,64): error TS2322: Type '{ rows: number; cols: number; useCards: boolean; }' is not assignable to type 'IntrinsicAttributes & TableSkeletonProps'.
  Property 'useCards' does not exist on type 'IntrinsicAttributes & TableSkeletonProps'.
app/freelancer/projects/Projects.tsx(150,12): error TS2739: Type '{ id: string; title: string; clientName: string; budget: string; postedTime: string; tags: string[]; key: string; }' is missing the following properties from type 'ProjectCardProps': status, progress, paid, freelancers, updatedAt
app/freelancer/proposals/components/StatusFilter/StatusFilter.tsx(6,26): error TS2307: Cannot find module './ProposalCard' or its corresponding type declarations.
app/freelancer/proposals/page.tsx(102,15): error TS2339: Property 'success' does not exist on type 'ToasterContextValue'.
app/freelancer/proposals/page.tsx(109,46): error TS2339: Property 'info' does not exist on type 'ToasterContextValue'.
app/freelancer/proposals/page.tsx(110,46): error TS2339: Property 'info' does not exist on type 'ToasterContextValue'.
app/freelancer/proposals/page.tsx(145,28): error TS2322: Type '{ variant: string; count: number; }' is not assignable to type 'IntrinsicAttributes & TableSkeletonProps'.
  Property 'variant' does not exist on type 'IntrinsicAttributes & TableSkeletonProps'.
app/freelancer/settings/notifications/components/NotificationOption/NotificationOption.tsx(37,10): error TS2741: Property 'label' is missing in type '{ id: string; checked: boolean; onChange: (checked: boolean) => void; }' but required in type 'ToggleSwitchProps'.
app/freelancer/settings/notifications/page.tsx(43,15): error TS2339: Property 'success' does not exist on type 'ToasterContextValue'.
app/freelancer/settings/page.tsx(33,15): error TS2339: Property 'success' does not exist on type 'ToasterContextValue'.
app/freelancer/settings/password/page.tsx(32,15): error TS2339: Property 'error' does not exist on type 'ToasterContextValue'.
app/freelancer/settings/password/page.tsx(36,15): error TS2339: Property 'error' does not exist on type 'ToasterContextValue'.
app/freelancer/settings/password/page.tsx(47,15): error TS2339: Property 'success' does not exist on type 'ToasterContextValue'.
app/Home/components/StatItem.tsx(26,64): error TS2769: No overload matches this call.
  Overload 1 of 3, '(value: number | bigint | StringNumericLiteral): string', gave the following error.
    Argument of type 'string' is not assignable to parameter of type 'number | bigint | StringNumericLiteral'.
  Overload 2 of 3, '(value: number | bigint): string', gave the following error.
    Argument of type 'string' is not assignable to parameter of type 'number | bigint'.
  Overload 3 of 3, '(value: number): string', gave the following error.
    Argument of type 'string' is not assignable to parameter of type 'number'.
app/Home/components/StatItem.tsx(29,65): error TS2322: Type 'RefObject<HTMLSpanElement>' is not assignable to type 'LegacyRef<HTMLDivElement> | undefined'.
  Type 'RefObject<HTMLSpanElement>' is not assignable to type 'RefObject<HTMLDivElement>'.
    Property 'align' is missing in type 'HTMLSpanElement' but required in type 'HTMLDivElement'.
app/Messages/Messages.test.tsx(4,52): error TS2307: Cannot find module '@testing-library/react' or its corresponding type declarations.
app/Messages/Messages.test.tsx(7,24): error TS2307: Cannot find module '../../mocks/server' or its corresponding type declarations.
app/Messages/Messages.test.tsx(12,1): error TS2582: Cannot find name 'describe'. Do you need to install type definitions for a test runner? Try `npm i --save-dev @types/jest` or `npm i --save-dev @types/mocha`.
app/Messages/Messages.test.tsx(13,3): error TS2582: Cannot find name 'test'. Do you need to install type definitions for a test runner? Try `npm i --save-dev @types/jest` or `npm i --save-dev @types/mocha`.
app/Messages/Messages.test.tsx(17,5): error TS2304: Cannot find name 'expect'.
app/Messages/Messages.test.tsx(18,5): error TS2304: Cannot find name 'expect'.
app/Messages/Messages.test.tsx(21,3): error TS2582: Cannot find name 'test'. Do you need to install type definitions for a test runner? Try `npm i --save-dev @types/jest` or `npm i --save-dev @types/mocha`.
app/Messages/Messages.test.tsx(29,5): error TS2304: Cannot find name 'expect'.
app/Messages/Messages.test.tsx(30,5): error TS2304: Cannot find name 'expect'.
app/Messages/Messages.test.tsx(33,3): error TS2582: Cannot find name 'test'. Do you need to install type definitions for a test runner? Try `npm i --save-dev @types/jest` or `npm i --save-dev @types/mocha`.
app/Messages/Messages.test.tsx(73,5): error TS2304: Cannot find name 'expect'.
app/Profile/Profile.tsx(52,15): error TS2322: Type 'string' is not assignable to type 'number'.
app/Projects/components/ProjectsList/ProjectsList.tsx(64,11): error TS2322: Type 'string' is not assignable to type 'number'.
legacy/client/hire/Hire.tsx(80,21): error TS2322: Type '"outline"' is not assignable to type '"link" | "success" | "warning" | "danger" | "primary" | "secondary" | "ghost" | "social" | undefined'.
legacy/client/projects/[id]/ProjectDetails.tsx(46,19): error TS2322: Type '"outline"' is not assignable to type '"link" | "success" | "warning" | "danger" | "primary" | "secondary" | "ghost" | "social" | undefined'.
legacy/client/projects/[id]/ProjectDetails.tsx(82,33): error TS2322: Type '"outline"' is not assignable to type '"link" | "success" | "warning" | "danger" | "primary" | "secondary" | "ghost" | "social" | undefined'.
legacy/client/projects/[id]/ProjectDetailsClient.tsx(45,19): error TS2322: Type '"outline"' is not assignable to type '"link" | "success" | "warning" | "danger" | "primary" | "secondary" | "ghost" | "social" | undefined'.
legacy/client/projects/[id]/ProjectDetailsClient.tsx(81,33): error TS2322: Type '"outline"' is not assignable to type '"link" | "success" | "warning" | "danger" | "primary" | "secondary" | "ghost" | "social" | undefined'.
