Server initialized for asgi.
INFO:     Started server process [22392]
INFO:     Waiting for application startup.
ERROR:    Traceback (most recent call last):
  File "E:\MegiLance\backend\app\db\session.py", line 31, in get_turso_client
    print(f"\u2705 Turso client connected: {settings.turso_database_url}")
  File "C:\Users\ghula\AppData\Local\Python\pythoncore-3.12-64\Lib\encodings\cp1252.py", line 19, in encode
    return codecs.charmap_encode(input,self.errors,encoding_table)[0]
           ^^^^^^^^^^^^^^^^^^^^^^^^^^^^^^^^^^^^^^^^^^^^^^^^^^^^^^^
UnicodeEncodeError: 'charmap' codec can't encode character '\u2705' in position 0: character maps to <undefined>

During handling of the above exception, another exception occurred:

Traceback (most recent call last):
  File "E:\MegiLance\backend\app\db\session.py", line 45, in get_engine
    turso_client = get_turso_client()
                   ^^^^^^^^^^^^^^^^^^
  File "E:\MegiLance\backend\app\db\session.py", line 33, in get_turso_client
    print(f"\u26a0\ufe0f Failed to create Turso client: {e}")
  File "C:\Users\ghula\AppData\Local\Python\pythoncore-3.12-64\Lib\encodings\cp1252.py", line 19, in encode
    return codecs.charmap_encode(input,self.errors,encoding_table)[0]
           ^^^^^^^^^^^^^^^^^^^^^^^^^^^^^^^^^^^^^^^^^^^^^^^^^^^^^^^
UnicodeEncodeError: 'charmap' codec can't encode characters in position 0-1: character maps to <undefined>

During handling of the above exception, another exception occurred:

Traceback (most recent call last):
  File "E:\MegiLance\backend\main.py", line 52, in on_startup
    engine = get_engine()
             ^^^^^^^^^^^^
  File "E:\MegiLance\backend\app\db\session.py", line 68, in get_engine
    print(f"\u26a0\ufe0f Database engine creation failed: {e}")
  File "C:\Users\ghula\AppData\Local\Python\pythoncore-3.12-64\Lib\encodings\cp1252.py", line 19, in encode
    return codecs.charmap_encode(input,self.errors,encoding_table)[0]
           ^^^^^^^^^^^^^^^^^^^^^^^^^^^^^^^^^^^^^^^^^^^^^^^^^^^^^^^
UnicodeEncodeError: 'charmap' codec can't encode characters in position 0-1: character maps to <undefined>

During handling of the above exception, another exception occurred:

Traceback (most recent call last):
  File "C:\Users\ghula\AppData\Local\Python\pythoncore-3.12-64\Lib\site-packages\starlette\routing.py", line 693, in lifespan
    async with self.lifespan_context(app) as maybe_state:
               ^^^^^^^^^^^^^^^^^^^^^^^^^^
  File "C:\Users\ghula\AppData\Local\Python\pythoncore-3.12-64\Lib\contextlib.py", line 210, in __aenter__
    return await anext(self.gen)
           ^^^^^^^^^^^^^^^^^^^^^
  File "C:\Users\ghula\AppData\Local\Python\pythoncore-3.12-64\Lib\site-packages\fastapi\routing.py", line 133, in merged_lifespan
    async with original_context(app) as maybe_original_state:
               ^^^^^^^^^^^^^^^^^^^^^
  File "C:\Users\ghula\AppData\Local\Python\pythoncore-3.12-64\Lib\site-packages\starlette\routing.py", line 569, in __aenter__
    await self._router.startup()
  File "C:\Users\ghula\AppData\Local\Python\pythoncore-3.12-64\Lib\site-packages\starlette\routing.py", line 672, in startup
    handler()
  File "E:\MegiLance\backend\main.py", line 56, in on_startup
    print(f"\u26a0\ufe0f Database initialization failed: {e}")
  File "C:\Users\ghula\AppData\Local\Python\pythoncore-3.12-64\Lib\encodings\cp1252.py", line 19, in encode
    return codecs.charmap_encode(input,self.errors,encoding_table)[0]
           ^^^^^^^^^^^^^^^^^^^^^^^^^^^^^^^^^^^^^^^^^^^^^^^^^^^^^^^
UnicodeEncodeError: 'charmap' codec can't encode characters in position 0-1: character maps to <undefined>

ERROR:    Application startup failed. Exiting.
Unclosed client session
client_session: <aiohttp.client.ClientSession object at 0x00000179C7353110>
